<?xml version="1.0" encoding="UTF-8"?>
<coverage generated="1780538890108" clover="3.2.0">
  <project timestamp="1780538890108" name="All files">
    <metrics statements="21" coveredstatements="21" conditionals="8" coveredconditionals="8" methods="11" coveredmethods="11" elements="40" coveredelements="40" complexity="0" loc="21" ncloc="21" packages="3" files="5" classes="5"/>
    <package name="components">
      <metrics statements="3" coveredstatements="3" conditionals="0" coveredconditionals="0" methods="1" coveredmethods="1"/>
      <file name="Table.tsx" path="C:\xampp\htdocs\health-check\src\components\Table.tsx">
        <metrics statements="3" coveredstatements="3" conditionals="0" coveredconditionals="0" methods="1" coveredmethods="1"/>
        <line num="7" count="1" type="stmt"/>
        <line num="10" count="1" type="stmt"/>
        <line num="27" count="1" type="stmt"/>
      </file>
    </package>
    <package name="components.Dots">
      <metrics statements="12" coveredstatements="12" conditionals="4" coveredconditionals="4" methods="6" coveredmethods="6"/>
      <file name="APIDots.tsx" path="C:\xampp\htdocs\health-check\src\components\Dots\APIDots.tsx">
        <metrics statements="8" coveredstatements="8" conditionals="4" coveredconditionals="4" methods="4" coveredmethods="4"/>
        <line num="21" count="1" type="stmt"/>
        <line num="23" count="7" type="stmt"/>
        <line num="24" count="7" type="stmt"/>
        <line num="27" count="3" type="stmt"/>
        <line num="30" count="7" type="stmt"/>
        <line num="31" count="1" type="stmt"/>
        <line num="34" count="7" type="stmt"/>
        <line num="46" count="9" type="stmt"/>
      </file>
      <file name="GreenDot.tsx" path="C:\xampp\htdocs\health-check\src\components\Dots\GreenDot.tsx">
        <metrics statements="2" coveredstatements="2" conditionals="0" coveredconditionals="0" methods="1" coveredmethods="1"/>
        <line num="1" count="1" type="stmt"/>
        <line num="2" count="8" type="stmt"/>
      </file>
      <file name="RedDot.tsx" path="C:\xampp\htdocs\health-check\src\components\Dots\RedDot.tsx">
        <metrics statements="2" coveredstatements="2" conditionals="0" coveredconditionals="0" methods="1" coveredmethods="1"/>
        <line num="3" count="1" type="stmt"/>
        <line num="4" count="4" type="stmt"/>
      </file>
    </package>
    <package name="hooks">
      <metrics statements="6" coveredstatements="6" conditionals="4" coveredconditionals="4" methods="4" coveredmethods="4"/>
      <file name="useClickAway.tsx" path="C:\xampp\htdocs\health-check\src\hooks\useClickAway.tsx">
        <metrics statements="6" coveredstatements="6" conditionals="4" coveredconditionals="4" methods="4" coveredmethods="4"/>
        <line num="4" count="7" type="stmt"/>
        <line num="7" count="4" type="cond" truecount="4" falsecount="0"/>
        <line num="8" count="1" type="stmt"/>
        <line num="13" count="7" type="stmt"/>
        <line num="16" count="7" type="stmt"/>
        <line num="17" count="7" type="stmt"/>
      </file>
    </package>
  </project>
</coverage>
