{"C:\\xampp\\htdocs\\health-check\\src\\components\\Table.tsx": {"path":"C:\\xampp\\htdocs\\health-check\\src\\components\\Table.tsx","statementMap":{"0":{"start":{"line":7,"column":14},"end":{"line":51,"column":1}},"1":{"start":{"line":10,"column":25},"end":{"line":23,"column":5}},"2":{"start":{"line":27,"column":2},"end":{"line":50,"column":3}}},"fnMap":{"0":{"name":"(anonymous_0)","decl":{"start":{"line":7,"column":14},"end":{"line":7,"column":15}},"loc":{"start":{"line":7,"column":20},"end":{"line":51,"column":1}},"line":7}},"branchMap":{},"s":{"0":1,"1":1,"2":1},"f":{"0":1},"b":{},"_coverageSchema":"1a1c01bbd47fc00a2c39e90264f33305004495a9","hash":"e36e64e73d2bd3b760e54782f4da34c36f4e541c"}
,"C:\\xampp\\htdocs\\health-check\\src\\components\\Dots\\APIDots.tsx": {"path":"C:\\xampp\\htdocs\\health-check\\src\\components\\Dots\\APIDots.tsx","statementMap":{"0":{"start":{"line":21,"column":16},"end":{"line":63,"column":1}},"1":{"start":{"line":23,"column":66},"end":{"line":23,"column":90}},"2":{"start":{"line":24,"column":28},"end":{"line":24,"column":56}},"3":{"start":{"line":27,"column":8},"end":{"line":27,"column":60}},"4":{"start":{"line":30,"column":4},"end":{"line":32,"column":6}},"5":{"start":{"line":31,"column":8},"end":{"line":31,"column":42}},"6":{"start":{"line":34,"column":2},"end":{"line":62,"column":3}},"7":{"start":{"line":46,"column":24},"end":{"line":54,"column":29}}},"fnMap":{"0":{"name":"(anonymous_0)","decl":{"start":{"line":21,"column":16},"end":{"line":21,"column":17}},"loc":{"start":{"line":21,"column":34},"end":{"line":63,"column":1}},"line":21},"1":{"name":"handleAPIContainerVisibility","decl":{"start":{"line":26,"column":13},"end":{"line":26,"column":41}},"loc":{"start":{"line":26,"column":43},"end":{"line":28,"column":5}},"line":26},"2":{"name":"(anonymous_2)","decl":{"start":{"line":30,"column":65},"end":{"line":30,"column":66}},"loc":{"start":{"line":30,"column":69},"end":{"line":32,"column":5}},"line":30},"3":{"name":"(anonymous_3)","decl":{"start":{"line":45,"column":29},"end":{"line":45,"column":30}},"loc":{"start":{"line":46,"column":24},"end":{"line":54,"column":29}},"line":46}},"branchMap":{"0":{"loc":{"start":{"line":41,"column":8},"end":{"line":59,"column":18}},"type":"binary-expr","locations":[{"start":{"line":41,"column":9},"end":{"line":41,"column":32}},{"start":{"line":42,"column":8},"end":{"line":59,"column":18}}],"line":41},"1":{"loc":{"start":{"line":49,"column":32},"end":{"line":52,"column":49}},"type":"cond-expr","locations":[{"start":{"line":50,"column":32},"end":{"line":50,"column":53}},{"start":{"line":52,"column":32},"end":{"line":52,"column":49}}],"line":49}},"s":{"0":1,"1":7,"2":7,"3":3,"4":7,"5":1,"6":7,"7":9},"f":{"0":7,"1":3,"2":1,"3":9},"b":{"0":[7,3],"1":[6,3]},"_coverageSchema":"1a1c01bbd47fc00a2c39e90264f33305004495a9","hash":"8a48fee45614c90ce6898204cf04bd8de972c61e"}
,"C:\\xampp\\htdocs\\health-check\\src\\components\\Dots\\GreenDot.tsx": {"path":"C:\\xampp\\htdocs\\health-check\\src\\components\\Dots\\GreenDot.tsx","statementMap":{"0":{"start":{"line":1,"column":17},"end":{"line":5,"column":1}},"1":{"start":{"line":2,"column":2},"end":{"line":4,"column":3}}},"fnMap":{"0":{"name":"(anonymous_0)","decl":{"start":{"line":1,"column":17},"end":{"line":1,"column":18}},"loc":{"start":{"line":1,"column":23},"end":{"line":5,"column":1}},"line":1}},"branchMap":{},"s":{"0":1,"1":8},"f":{"0":8},"b":{},"_coverageSchema":"1a1c01bbd47fc00a2c39e90264f33305004495a9","hash":"b0bc52a94dc9ab15f630d5b6155955d96ac1d1bf"}
,"C:\\xampp\\htdocs\\health-check\\src\\components\\Dots\\RedDot.tsx": {"path":"C:\\xampp\\htdocs\\health-check\\src\\components\\Dots\\RedDot.tsx","statementMap":{"0":{"start":{"line":3,"column":15},"end":{"line":7,"column":1}},"1":{"start":{"line":4,"column":2},"end":{"line":6,"column":3}}},"fnMap":{"0":{"name":"(anonymous_0)","decl":{"start":{"line":3,"column":15},"end":{"line":3,"column":16}},"loc":{"start":{"line":3,"column":21},"end":{"line":7,"column":1}},"line":3}},"branchMap":{},"s":{"0":1,"1":4},"f":{"0":4},"b":{},"_coverageSchema":"1a1c01bbd47fc00a2c39e90264f33305004495a9","hash":"15e46f655808cad231e0f18c3037c7cca85c4418"}
,"C:\\xampp\\htdocs\\health-check\\src\\hooks\\useClickAway.tsx": {"path":"C:\\xampp\\htdocs\\health-check\\src\\hooks\\useClickAway.tsx","statementMap":{"0":{"start":{"line":4,"column":2},"end":{"line":19,"column":22}},"1":{"start":{"line":7,"column":6},"end":{"line":9,"column":7}},"2":{"start":{"line":8,"column":8},"end":{"line":8,"column":19}},"3":{"start":{"line":13,"column":4},"end":{"line":13,"column":63}},"4":{"start":{"line":16,"column":4},"end":{"line":18,"column":6}},"5":{"start":{"line":17,"column":6},"end":{"line":17,"column":68}}},"fnMap":{"0":{"name":"useClickAway","decl":{"start":{"line":3,"column":16},"end":{"line":3,"column":28}},"loc":{"start":{"line":3,"column":82},"end":{"line":20,"column":1}},"line":3},"1":{"name":"(anonymous_1)","decl":{"start":{"line":4,"column":12},"end":{"line":4,"column":13}},"loc":{"start":{"line":4,"column":18},"end":{"line":19,"column":3}},"line":4},"2":{"name":"handleClickOutside","decl":{"start":{"line":5,"column":13},"end":{"line":5,"column":31}},"loc":{"start":{"line":5,"column":50},"end":{"line":10,"column":5}},"line":5},"3":{"name":"(anonymous_3)","decl":{"start":{"line":16,"column":11},"end":{"line":16,"column":12}},"loc":{"start":{"line":16,"column":17},"end":{"line":18,"column":5}},"line":16}},"branchMap":{"0":{"loc":{"start":{"line":7,"column":6},"end":{"line":9,"column":7}},"type":"if","locations":[{"start":{"line":7,"column":6},"end":{"line":9,"column":7}},{"start":{},"end":{}}],"line":7},"1":{"loc":{"start":{"line":7,"column":10},"end":{"line":7,"column":75}},"type":"binary-expr","locations":[{"start":{"line":7,"column":10},"end":{"line":7,"column":21}},{"start":{"line":7,"column":25},"end":{"line":7,"column":75}}],"line":7}},"s":{"0":7,"1":4,"2":1,"3":7,"4":7,"5":7},"f":{"0":7,"1":7,"2":4,"3":7},"b":{"0":[1,3],"1":[4,4]},"_coverageSchema":"1a1c01bbd47fc00a2c39e90264f33305004495a9","hash":"1f4e1c2e9bd317dcde3ad60c2cd0898fa51a090b"}
}
