TN:
SF:src\components\Table.tsx
FN:7,(anonymous_0)
FNF:1
FNH:1
FNDA:1,(anonymous_0)
DA:7,1
DA:10,1
DA:27,1
LF:3
LH:3
BRF:0
BRH:0
end_of_record
TN:
SF:src\components\Dots\APIDots.tsx
FN:21,(anonymous_0)
FN:26,handleAPIContainerVisibility
FN:30,(anonymous_2)
FN:45,(anonymous_3)
FNF:4
FNH:4
FNDA:7,(anonymous_0)
FNDA:3,handleAPIContainerVisibility
FNDA:1,(anonymous_2)
FNDA:9,(anonymous_3)
DA:21,1
DA:23,7
DA:24,7
DA:27,3
DA:30,7
DA:31,1
DA:34,7
DA:46,9
LF:8
LH:8
BRDA:41,0,0,7
BRDA:41,0,1,3
BRDA:49,1,0,6
BRDA:49,1,1,3
BRF:4
BRH:4
end_of_record
TN:
SF:src\components\Dots\GreenDot.tsx
FN:1,(anonymous_0)
FNF:1
FNH:1
FNDA:8,(anonymous_0)
DA:1,1
DA:2,8
LF:2
LH:2
BRF:0
BRH:0
end_of_record
TN:
SF:src\components\Dots\RedDot.tsx
FN:3,(anonymous_0)
FNF:1
FNH:1
FNDA:4,(anonymous_0)
DA:3,1
DA:4,4
LF:2
LH:2
BRF:0
BRH:0
end_of_record
TN:
SF:src\hooks\useClickAway.tsx
FN:3,useClickAway
FN:4,(anonymous_1)
FN:5,handleClickOutside
FN:16,(anonymous_3)
FNF:4
FNH:4
FNDA:7,useClickAway
FNDA:7,(anonymous_1)
FNDA:4,handleClickOutside
FNDA:7,(anonymous_3)
DA:4,7
DA:7,4
DA:8,1
DA:13,7
DA:16,7
DA:17,7
LF:6
LH:6
BRDA:7,0,0,1
BRDA:7,0,1,3
BRDA:7,1,0,4
BRDA:7,1,1,4
BRF:4
BRH:4
end_of_record
